<?xml version="1.0" encoding="UTF-8"?>
<!-- Generated by org.testng.reporters.JUnitReportReporter -->
<testsuite skipped="0" hostname="DESKTOP-KKFAK6I" name="Selpack.Onlineshoppingapp" tests="4" failures="0" timestamp="2020-04-25T19:38:18 IST" time="65.000" errors="0">
  <testcase name="testRegistration" time="28.037" classname="Selpack.Onlineshoppingapp"/>
  <testcase name="testLogin" time="3.179" classname="Selpack.Onlineshoppingapp"/>
  <testcase name="testCart" time="18.341" classname="Selpack.Onlineshoppingapp"/>
  <testcase name="testPayment" time="15.443" classname="Selpack.Onlineshoppingapp"/>
</testsuite> <!-- Selpack.Onlineshoppingapp -->
